<?xml version="1.0" encoding="UTF-8"?>
<!-- Generated by org.testng.reporters.JUnitReportReporter -->
<testsuite hostname="RAKESH" failures="0" tests="1" name="com.hrms.testscripts.TC101" time="49.359" errors="0" timestamp="21 Oct 2022 05:24:49 GMT">
  <testcase classname="com.hrms.testscripts.TC101" name="tc001" time="49.359"/>
</testsuite> <!-- com.hrms.testscripts.TC101 -->
